<?xml version="1.0" encoding="UTF-8"?>
<!-- Generated by org.testng.reporters.JUnitXMLReporter -->
<testsuite hostname="Kranti-PC" name="test" tests="1" failures="0" timestamp="16 Apr 2018 23:37:30 GMT" time="0.157" errors="0">
  <testcase name="@BeforeMethod crossBrowser" time="0.0" classname="RestAssuredGroup.parallelTesting.CrossBrowserTesting">
    <failure type="java.lang.IllegalStateException" message="The path to the driver executable must be set by the webdriver.gecko.driver system property; for more information, see https://github.com/mozilla/geckodriver. The latest version can be downloaded from https://github.com/mozilla/geckodriver/releases">
      <![CDATA[java.lang.IllegalStateException: The path to the driver executable must be set by the webdriver.gecko.driver system property; for more information, see https://github.com/mozilla/geckodriver. The latest version can be downloaded from https://github.com/mozilla/geckodriver/releases
	at com.google.common.base.Preconditions.checkState(Preconditions.java:847)
	at org.openqa.selenium.remote.service.DriverService.findExecutable(DriverService.java:124)
	at org.openqa.selenium.firefox.GeckoDriverService.access$100(GeckoDriverService.java:41)
	at org.openqa.selenium.firefox.GeckoDriverService$Builder.findDefaultExecutable(GeckoDriverService.java:141)
	at org.openqa.selenium.remote.service.DriverService$Builder.build(DriverService.java:339)
	at org.openqa.selenium.firefox.FirefoxDriver.toExecutor(FirefoxDriver.java:158)
	at org.openqa.selenium.firefox.FirefoxDriver.<init>(FirefoxDriver.java:120)
	at org.openqa.selenium.firefox.FirefoxDriver.<init>(FirefoxDriver.java:98)
	at RestAssuredGroup.parallelTesting.CrossBrowserTesting.crossBrowser(CrossBrowserTesting.java:20)
... Removed 26 stack frames]]>
    </failure>
  </testcase> <!-- @BeforeMethod crossBrowser -->
  <testcase name="@AfterMethod tearDown" time="0.0" classname="RestAssuredGroup.parallelTesting.CrossBrowserTesting">
    <skipped/>
  </testcase> <!-- @AfterMethod tearDown -->
  <testcase name="getTitle" time="0.001" classname="RestAssuredGroup.parallelTesting.CrossBrowserTesting">
    <skipped/>
  </testcase> <!-- getTitle -->
</testsuite> <!-- test -->
